<?xml version="1.0" encoding="UTF-8"?>
<testng-results ignored="3" total="4" passed="1" failed="0" skipped="0">
  <reporter-output>
  </reporter-output>
  <suite started-at="2019-10-22T18:25:17Z" name="WalletHub Assignment Suite" finished-at="2019-10-22T18:26:13Z" duration-ms="55505">
    <groups>
    </groups>
    <test started-at="2019-10-22T18:25:17Z" name="FB Test1" finished-at="2019-10-22T18:26:13Z" duration-ms="55505">
      <class name="fbPackage.TestCase">
        <test-method is-config="true" signature="setUp()[pri:0, instance:fbPackage.TestCase@6ccdb29f]" started-at="2019-10-22T23:55:13Z" name="setUp" finished-at="2019-10-22T23:55:17Z" duration-ms="4836" status="PASS">
          <reporter-output>
          </reporter-output>
        </test-method> <!-- setUp -->
      </class> <!-- fbPackage.TestCase -->
      <class name="fbPackage.WalletHubTestCase2">
        <test-method signature="postedReviewValidation()[pri:0, instance:fbPackage.WalletHubTestCase2@3adcc812]" started-at="2019-10-22T23:55:17Z" name="postedReviewValidation" finished-at="2019-10-22T23:56:13Z" duration-ms="55486" status="PASS">
          <reporter-output>
          </reporter-output>
        </test-method> <!-- postedReviewValidation -->
      </class> <!-- fbPackage.WalletHubTestCase2 -->
    </test> <!-- FB Test1 -->
  </suite> <!-- WalletHub Assignment Suite -->
</testng-results>
