<?xml version="1.0" encoding="UTF-8"?>
<!-- Generated by org.testng.reporters.JUnitXMLReporter -->
<testsuite ignored="3" hostname="LAPTOP-7IMNLEOL" failures="0" tests="1" name="FB Test1" time="55.505" errors="0" timestamp="22 Oct 2019 18:26:13 GMT">
  <testcase classname="fbPackage.WalletHubTestCase2" name="postedReviewValidation" time="55.486"/>
  <testcase classname="fbPackage.TestBase" name="@BeforeSuite setUp" time="0.0">
    <ignored/>
  </testcase> <!-- @BeforeSuite setUp -->
  <testcase classname="fbPackage.TestCase" name="fbLoginTest" time="0.0">
    <ignored/>
  </testcase> <!-- fbLoginTest -->
  <testcase classname="fbPackage.WalletHubTestCase2" name="walletHubReview" time="0.0">
    <ignored/>
  </testcase> <!-- walletHubReview -->
</testsuite> <!-- FB Test1 -->
